This file contains any messages produced by compilers while
running configure, to aid debugging if configure makes a mistake.

It was created by protosql configure 0.1, which was
generated by GNU Autoconf 2.63.  Invocation command line was

  $ ./configure 

## --------- ##
## Platform. ##
## --------- ##

hostname = localhost.localdomain
uname -m = x86_64
uname -r = 2.6.32-431.el6.x86_64
uname -s = Linux
uname -v = #1 SMP Fri Nov 22 03:15:09 UTC 2013

/usr/bin/uname -p = unknown
/bin/uname -X     = unknown

/bin/arch              = x86_64
/usr/bin/arch -k       = unknown
/usr/convex/getsysinfo = unknown
/usr/bin/hostinfo      = unknown
/bin/machine           = unknown
/usr/bin/oslevel       = unknown
/bin/universe          = unknown

PATH: /usr/lib64/qt-3.3/bin
PATH: /usr/local/bin
PATH: /usr/bin
PATH: /bin
PATH: /usr/local/sbin
PATH: /usr/sbin
PATH: /sbin
PATH: /home/andrei/bin


## ----------- ##
## Core tests. ##
## ----------- ##

configure:1884: checking for a BSD-compatible install
configure:1952: result: /usr/bin/install -c
configure:1963: checking whether build environment is sane
configure:2023: result: yes
configure:2164: checking for a thread-safe mkdir -p
configure:2203: result: /bin/mkdir -p
configure:2216: checking for gawk
configure:2232: found /usr/bin/gawk
configure:2243: result: gawk
configure:2254: checking whether make sets $(MAKE)
configure:2276: result: yes
configure:2475: checking for C++ compiler version
configure:2483: /opt/centos/devtoolset-1.1/root/usr/bin/c++ --version >&5
c++ (GCC) 4.7.2 20121015 (Red Hat 4.7.2-5)
Copyright (C) 2012 Free Software Foundation, Inc.
This is free software; see the source for copying conditions.  There is NO
warranty; not even for MERCHANTABILITY or FITNESS FOR A PARTICULAR PURPOSE.

configure:2487: $? = 0
configure:2494: /opt/centos/devtoolset-1.1/root/usr/bin/c++ -v >&5
Using built-in specs.
COLLECT_GCC=/opt/centos/devtoolset-1.1/root/usr/bin/c++
COLLECT_LTO_WRAPPER=/opt/centos/devtoolset-1.1/root/usr/libexec/gcc/x86_64-redhat-linux/4.7.2/lto-wrapper
Target: x86_64-redhat-linux
Configured with: ../configure --prefix=/opt/centos/devtoolset-1.1/root/usr --mandir=/opt/centos/devtoolset-1.1/root/usr/share/man --infodir=/opt/centos/devtoolset-1.1/root/usr/share/info --with-bugurl=http://bugzilla.redhat.com/bugzilla --enable-bootstrap --enable-shared --enable-threads=posix --enable-checking=release --disable-build-with-cxx --disable-build-poststage1-with-cxx --with-system-zlib --enable-__cxa_atexit --disable-libunwind-exceptions --enable-gnu-unique-object --enable-linker-build-id --enable-languages=c,c++,fortran,lto --enable-plugin --with-linker-hash-style=gnu --enable-initfini-array --disable-libgcj --with-ppl --with-cloog --with-mpc=/home/centos/rpm/BUILD/gcc-4.7.2-20121015/obj-x86_64-redhat-linux/mpc-install --with-tune=generic --with-arch_32=i686 --build=x86_64-redhat-linux
Thread model: posix
gcc version 4.7.2 20121015 (Red Hat 4.7.2-5) (GCC) 
configure:2498: $? = 0
configure:2505: /opt/centos/devtoolset-1.1/root/usr/bin/c++ -V >&5
c++: error: unrecognized command line option '-V'
c++: fatal error: no input files
compilation terminated.
configure:2509: $? = 4
configure:2532: checking for C++ compiler default output file name
configure:2554: /opt/centos/devtoolset-1.1/root/usr/bin/c++    conftest.cpp  >&5
configure:2558: $? = 0
configure:2596: result: a.out
configure:2615: checking whether the C++ compiler works
configure:2625: ./a.out
configure:2629: $? = 0
configure:2648: result: yes
configure:2655: checking whether we are cross compiling
configure:2657: result: no
configure:2660: checking for suffix of executables
configure:2667: /opt/centos/devtoolset-1.1/root/usr/bin/c++ -o conftest    conftest.cpp  >&5
configure:2671: $? = 0
configure:2697: result: 
configure:2703: checking for suffix of object files
configure:2729: /opt/centos/devtoolset-1.1/root/usr/bin/c++ -c   conftest.cpp >&5
configure:2733: $? = 0
configure:2758: result: o
configure:2762: checking whether we are using the GNU C++ compiler
configure:2791: /opt/centos/devtoolset-1.1/root/usr/bin/c++ -c   conftest.cpp >&5
configure:2798: $? = 0
configure:2815: result: yes
configure:2824: checking whether /opt/centos/devtoolset-1.1/root/usr/bin/c++ accepts -g
configure:2854: /opt/centos/devtoolset-1.1/root/usr/bin/c++ -c -g  conftest.cpp >&5
configure:2861: $? = 0
configure:2962: result: yes
configure:2996: checking for style of include used by make
configure:3024: result: GNU
configure:3049: checking dependency style of /opt/centos/devtoolset-1.1/root/usr/bin/c++
configure:3159: result: gcc3
configure:3222: checking for gcc
configure:3249: result: /opt/centos/devtoolset-1.1/root/usr/bin/gcc
configure:3481: checking for C compiler version
configure:3489: /opt/centos/devtoolset-1.1/root/usr/bin/gcc --version >&5
gcc (GCC) 4.7.2 20121015 (Red Hat 4.7.2-5)
Copyright (C) 2012 Free Software Foundation, Inc.
This is free software; see the source for copying conditions.  There is NO
warranty; not even for MERCHANTABILITY or FITNESS FOR A PARTICULAR PURPOSE.

configure:3493: $? = 0
configure:3500: /opt/centos/devtoolset-1.1/root/usr/bin/gcc -v >&5
Using built-in specs.
COLLECT_GCC=/opt/centos/devtoolset-1.1/root/usr/bin/gcc
COLLECT_LTO_WRAPPER=/opt/centos/devtoolset-1.1/root/usr/libexec/gcc/x86_64-redhat-linux/4.7.2/lto-wrapper
Target: x86_64-redhat-linux
Configured with: ../configure --prefix=/opt/centos/devtoolset-1.1/root/usr --mandir=/opt/centos/devtoolset-1.1/root/usr/share/man --infodir=/opt/centos/devtoolset-1.1/root/usr/share/info --with-bugurl=http://bugzilla.redhat.com/bugzilla --enable-bootstrap --enable-shared --enable-threads=posix --enable-checking=release --disable-build-with-cxx --disable-build-poststage1-with-cxx --with-system-zlib --enable-__cxa_atexit --disable-libunwind-exceptions --enable-gnu-unique-object --enable-linker-build-id --enable-languages=c,c++,fortran,lto --enable-plugin --with-linker-hash-style=gnu --enable-initfini-array --disable-libgcj --with-ppl --with-cloog --with-mpc=/home/centos/rpm/BUILD/gcc-4.7.2-20121015/obj-x86_64-redhat-linux/mpc-install --with-tune=generic --with-arch_32=i686 --build=x86_64-redhat-linux
Thread model: posix
gcc version 4.7.2 20121015 (Red Hat 4.7.2-5) (GCC) 
configure:3504: $? = 0
configure:3511: /opt/centos/devtoolset-1.1/root/usr/bin/gcc -V >&5
gcc: error: unrecognized command line option '-V'
gcc: fatal error: no input files
compilation terminated.
configure:3515: $? = 4
configure:3518: checking whether we are using the GNU C compiler
configure:3547: /opt/centos/devtoolset-1.1/root/usr/bin/gcc -c   conftest.c >&5
configure:3554: $? = 0
configure:3571: result: yes
configure:3580: checking whether /opt/centos/devtoolset-1.1/root/usr/bin/gcc accepts -g
configure:3610: /opt/centos/devtoolset-1.1/root/usr/bin/gcc -c -g  conftest.c >&5
configure:3617: $? = 0
configure:3718: result: yes
configure:3735: checking for /opt/centos/devtoolset-1.1/root/usr/bin/gcc option to accept ISO C89
configure:3809: /opt/centos/devtoolset-1.1/root/usr/bin/gcc  -c -g -O2  conftest.c >&5
configure:3816: $? = 0
configure:3839: result: none needed
configure:3859: checking dependency style of /opt/centos/devtoolset-1.1/root/usr/bin/gcc
configure:3969: result: gcc3
configure:3989: checking how to run the C preprocessor
configure:4107: result: /opt/centos/devtoolset-1.1/root/usr/bin/cpp
configure:4136: /opt/centos/devtoolset-1.1/root/usr/bin/cpp  conftest.c
configure:4143: $? = 0
configure:4174: /opt/centos/devtoolset-1.1/root/usr/bin/cpp  conftest.c
conftest.c:10:28: fatal error: ac_nonexistent.h: No such file or directory
compilation terminated.
configure:4181: $? = 1
configure: failed program was:
| /* confdefs.h.  */
| #define PACKAGE_NAME "protosql"
| #define PACKAGE_TARNAME "protosql"
| #define PACKAGE_VERSION "0.1"
| #define PACKAGE_STRING "protosql 0.1"
| #define PACKAGE_BUGREPORT "support@commandus.com"
| #define PACKAGE "protosql"
| #define VERSION "0.1"
| /* end confdefs.h.  */
| #include <ac_nonexistent.h>
configure:4234: checking for a BSD-compatible install
configure:4302: result: /usr/bin/install -c
configure:4317: checking for grep that handles long lines and -e
configure:4377: result: /bin/grep
configure:4382: checking for egrep
configure:4446: result: /bin/grep -E
configure:4451: checking for ANSI C header files
configure:4481: /opt/centos/devtoolset-1.1/root/usr/bin/gcc -c -g -O2  conftest.c >&5
configure:4488: $? = 0
configure:4587: /opt/centos/devtoolset-1.1/root/usr/bin/gcc -o conftest -g -O2   conftest.c  >&5
configure:4591: $? = 0
configure:4597: ./conftest
configure:4601: $? = 0
configure:4619: result: yes
configure:4643: checking for sys/types.h
configure:4664: /opt/centos/devtoolset-1.1/root/usr/bin/gcc -c -g -O2  conftest.c >&5
configure:4671: $? = 0
configure:4688: result: yes
configure:4643: checking for sys/stat.h
configure:4664: /opt/centos/devtoolset-1.1/root/usr/bin/gcc -c -g -O2  conftest.c >&5
configure:4671: $? = 0
configure:4688: result: yes
configure:4643: checking for stdlib.h
configure:4664: /opt/centos/devtoolset-1.1/root/usr/bin/gcc -c -g -O2  conftest.c >&5
configure:4671: $? = 0
configure:4688: result: yes
configure:4643: checking for string.h
configure:4664: /opt/centos/devtoolset-1.1/root/usr/bin/gcc -c -g -O2  conftest.c >&5
configure:4671: $? = 0
configure:4688: result: yes
configure:4643: checking for memory.h
configure:4664: /opt/centos/devtoolset-1.1/root/usr/bin/gcc -c -g -O2  conftest.c >&5
configure:4671: $? = 0
configure:4688: result: yes
configure:4643: checking for strings.h
configure:4664: /opt/centos/devtoolset-1.1/root/usr/bin/gcc -c -g -O2  conftest.c >&5
configure:4671: $? = 0
configure:4688: result: yes
configure:4643: checking for inttypes.h
configure:4664: /opt/centos/devtoolset-1.1/root/usr/bin/gcc -c -g -O2  conftest.c >&5
configure:4671: $? = 0
configure:4688: result: yes
configure:4643: checking for stdint.h
configure:4664: /opt/centos/devtoolset-1.1/root/usr/bin/gcc -c -g -O2  conftest.c >&5
configure:4671: $? = 0
configure:4688: result: yes
configure:4643: checking for unistd.h
configure:4664: /opt/centos/devtoolset-1.1/root/usr/bin/gcc -c -g -O2  conftest.c >&5
configure:4671: $? = 0
configure:4688: result: yes
configure:4707: checking for stdlib.h
configure:4714: result: yes
configure:4870: checking google/protobuf/compiler/plugin.h usability
configure:4887: /opt/centos/devtoolset-1.1/root/usr/bin/gcc -c -g -O2  conftest.c >&5
In file included from /usr/local/include/google/protobuf/compiler/plugin.h:58:0,
                 from conftest.c:54:
/usr/local/include/google/protobuf/stubs/common.h:40:19: fatal error: cstddef: No such file or directory
compilation terminated.
configure:4894: $? = 1
configure: failed program was:
| /* confdefs.h.  */
| #define PACKAGE_NAME "protosql"
| #define PACKAGE_TARNAME "protosql"
| #define PACKAGE_VERSION "0.1"
| #define PACKAGE_STRING "protosql 0.1"
| #define PACKAGE_BUGREPORT "support@commandus.com"
| #define PACKAGE "protosql"
| #define VERSION "0.1"
| #define STDC_HEADERS 1
| #define HAVE_SYS_TYPES_H 1
| #define HAVE_SYS_STAT_H 1
| #define HAVE_STDLIB_H 1
| #define HAVE_STRING_H 1
| #define HAVE_MEMORY_H 1
| #define HAVE_STRINGS_H 1
| #define HAVE_INTTYPES_H 1
| #define HAVE_STDINT_H 1
| #define HAVE_UNISTD_H 1
| #define HAVE_STDLIB_H 1
| /* end confdefs.h.  */
| #include <stdio.h>
| #ifdef HAVE_SYS_TYPES_H
| # include <sys/types.h>
| #endif
| #ifdef HAVE_SYS_STAT_H
| # include <sys/stat.h>
| #endif
| #ifdef STDC_HEADERS
| # include <stdlib.h>
| # include <stddef.h>
| #else
| # ifdef HAVE_STDLIB_H
| #  include <stdlib.h>
| # endif
| #endif
| #ifdef HAVE_STRING_H
| # if !defined STDC_HEADERS && defined HAVE_MEMORY_H
| #  include <memory.h>
| # endif
| # include <string.h>
| #endif
| #ifdef HAVE_STRINGS_H
| # include <strings.h>
| #endif
| #ifdef HAVE_INTTYPES_H
| # include <inttypes.h>
| #endif
| #ifdef HAVE_STDINT_H
| # include <stdint.h>
| #endif
| #ifdef HAVE_UNISTD_H
| # include <unistd.h>
| #endif
| #include <google/protobuf/compiler/plugin.h>
configure:4908: result: no
configure:4912: checking google/protobuf/compiler/plugin.h presence
configure:4927: /opt/centos/devtoolset-1.1/root/usr/bin/cpp  conftest.c
In file included from /usr/local/include/google/protobuf/compiler/plugin.h:58:0,
                 from conftest.c:21:
/usr/local/include/google/protobuf/stubs/common.h:40:19: fatal error: cstddef: No such file or directory
compilation terminated.
configure:4934: $? = 1
configure: failed program was:
| /* confdefs.h.  */
| #define PACKAGE_NAME "protosql"
| #define PACKAGE_TARNAME "protosql"
| #define PACKAGE_VERSION "0.1"
| #define PACKAGE_STRING "protosql 0.1"
| #define PACKAGE_BUGREPORT "support@commandus.com"
| #define PACKAGE "protosql"
| #define VERSION "0.1"
| #define STDC_HEADERS 1
| #define HAVE_SYS_TYPES_H 1
| #define HAVE_SYS_STAT_H 1
| #define HAVE_STDLIB_H 1
| #define HAVE_STRING_H 1
| #define HAVE_MEMORY_H 1
| #define HAVE_STRINGS_H 1
| #define HAVE_INTTYPES_H 1
| #define HAVE_STDINT_H 1
| #define HAVE_UNISTD_H 1
| #define HAVE_STDLIB_H 1
| /* end confdefs.h.  */
| #include <google/protobuf/compiler/plugin.h>
configure:4948: result: no
configure:4981: checking for google/protobuf/compiler/plugin.h
configure:4990: result: no
configure:4870: checking google/protobuf/descriptor.pb.h usability
configure:4887: /opt/centos/devtoolset-1.1/root/usr/bin/gcc -c -g -O2  conftest.c >&5
In file included from conftest.c:54:0:
/usr/local/include/google/protobuf/descriptor.pb.h:7:18: fatal error: string: No such file or directory
compilation terminated.
configure:4894: $? = 1
configure: failed program was:
| /* confdefs.h.  */
| #define PACKAGE_NAME "protosql"
| #define PACKAGE_TARNAME "protosql"
| #define PACKAGE_VERSION "0.1"
| #define PACKAGE_STRING "protosql 0.1"
| #define PACKAGE_BUGREPORT "support@commandus.com"
| #define PACKAGE "protosql"
| #define VERSION "0.1"
| #define STDC_HEADERS 1
| #define HAVE_SYS_TYPES_H 1
| #define HAVE_SYS_STAT_H 1
| #define HAVE_STDLIB_H 1
| #define HAVE_STRING_H 1
| #define HAVE_MEMORY_H 1
| #define HAVE_STRINGS_H 1
| #define HAVE_INTTYPES_H 1
| #define HAVE_STDINT_H 1
| #define HAVE_UNISTD_H 1
| #define HAVE_STDLIB_H 1
| /* end confdefs.h.  */
| #include <stdio.h>
| #ifdef HAVE_SYS_TYPES_H
| # include <sys/types.h>
| #endif
| #ifdef HAVE_SYS_STAT_H
| # include <sys/stat.h>
| #endif
| #ifdef STDC_HEADERS
| # include <stdlib.h>
| # include <stddef.h>
| #else
| # ifdef HAVE_STDLIB_H
| #  include <stdlib.h>
| # endif
| #endif
| #ifdef HAVE_STRING_H
| # if !defined STDC_HEADERS && defined HAVE_MEMORY_H
| #  include <memory.h>
| # endif
| # include <string.h>
| #endif
| #ifdef HAVE_STRINGS_H
| # include <strings.h>
| #endif
| #ifdef HAVE_INTTYPES_H
| # include <inttypes.h>
| #endif
| #ifdef HAVE_STDINT_H
| # include <stdint.h>
| #endif
| #ifdef HAVE_UNISTD_H
| # include <unistd.h>
| #endif
| #include <google/protobuf/descriptor.pb.h>
configure:4908: result: no
configure:4912: checking google/protobuf/descriptor.pb.h presence
configure:4927: /opt/centos/devtoolset-1.1/root/usr/bin/cpp  conftest.c
In file included from conftest.c:21:0:
/usr/local/include/google/protobuf/descriptor.pb.h:7:18: fatal error: string: No such file or directory
compilation terminated.
configure:4934: $? = 1
configure: failed program was:
| /* confdefs.h.  */
| #define PACKAGE_NAME "protosql"
| #define PACKAGE_TARNAME "protosql"
| #define PACKAGE_VERSION "0.1"
| #define PACKAGE_STRING "protosql 0.1"
| #define PACKAGE_BUGREPORT "support@commandus.com"
| #define PACKAGE "protosql"
| #define VERSION "0.1"
| #define STDC_HEADERS 1
| #define HAVE_SYS_TYPES_H 1
| #define HAVE_SYS_STAT_H 1
| #define HAVE_STDLIB_H 1
| #define HAVE_STRING_H 1
| #define HAVE_MEMORY_H 1
| #define HAVE_STRINGS_H 1
| #define HAVE_INTTYPES_H 1
| #define HAVE_STDINT_H 1
| #define HAVE_UNISTD_H 1
| #define HAVE_STDLIB_H 1
| /* end confdefs.h.  */
| #include <google/protobuf/descriptor.pb.h>
configure:4948: result: no
configure:4981: checking for google/protobuf/descriptor.pb.h
configure:4990: result: no
configure:5008: checking for main in -lprotobuf
configure:5037: /opt/centos/devtoolset-1.1/root/usr/bin/gcc -o conftest -g -O2   conftest.c -lprotobuf   >&5
configure:5044: $? = 0
configure:5065: result: yes
configure:5082: checking for stdbool.h that conforms to C99
configure:5177: /opt/centos/devtoolset-1.1/root/usr/bin/gcc -c -g -O2  conftest.c >&5
configure:5184: $? = 0
configure:5199: result: yes
configure:5201: checking for _Bool
configure:5229: /opt/centos/devtoolset-1.1/root/usr/bin/gcc -c -g -O2  conftest.c >&5
configure:5236: $? = 0
configure:5263: /opt/centos/devtoolset-1.1/root/usr/bin/gcc -c -g -O2  conftest.c >&5
conftest.c: In function 'main':
conftest.c:58:20: error: expected expression before ')' token
configure:5270: $? = 1
configure: failed program was:
| /* confdefs.h.  */
| #define PACKAGE_NAME "protosql"
| #define PACKAGE_TARNAME "protosql"
| #define PACKAGE_VERSION "0.1"
| #define PACKAGE_STRING "protosql 0.1"
| #define PACKAGE_BUGREPORT "support@commandus.com"
| #define PACKAGE "protosql"
| #define VERSION "0.1"
| #define STDC_HEADERS 1
| #define HAVE_SYS_TYPES_H 1
| #define HAVE_SYS_STAT_H 1
| #define HAVE_STDLIB_H 1
| #define HAVE_STRING_H 1
| #define HAVE_MEMORY_H 1
| #define HAVE_STRINGS_H 1
| #define HAVE_INTTYPES_H 1
| #define HAVE_STDINT_H 1
| #define HAVE_UNISTD_H 1
| #define HAVE_STDLIB_H 1
| #define HAVE_LIBPROTOBUF 1
| /* end confdefs.h.  */
| #include <stdio.h>
| #ifdef HAVE_SYS_TYPES_H
| # include <sys/types.h>
| #endif
| #ifdef HAVE_SYS_STAT_H
| # include <sys/stat.h>
| #endif
| #ifdef STDC_HEADERS
| # include <stdlib.h>
| # include <stddef.h>
| #else
| # ifdef HAVE_STDLIB_H
| #  include <stdlib.h>
| # endif
| #endif
| #ifdef HAVE_STRING_H
| # if !defined STDC_HEADERS && defined HAVE_MEMORY_H
| #  include <memory.h>
| # endif
| # include <string.h>
| #endif
| #ifdef HAVE_STRINGS_H
| # include <strings.h>
| #endif
| #ifdef HAVE_INTTYPES_H
| # include <inttypes.h>
| #endif
| #ifdef HAVE_STDINT_H
| # include <stdint.h>
| #endif
| #ifdef HAVE_UNISTD_H
| # include <unistd.h>
| #endif
| int
| main ()
| {
| if (sizeof ((_Bool)))
| 	  return 0;
|   ;
|   return 0;
| }
configure:5293: result: yes
configure:5312: checking for pid_t
configure:5340: /opt/centos/devtoolset-1.1/root/usr/bin/gcc -c -g -O2  conftest.c >&5
configure:5347: $? = 0
configure:5374: /opt/centos/devtoolset-1.1/root/usr/bin/gcc -c -g -O2  conftest.c >&5
conftest.c: In function 'main':
conftest.c:60:20: error: expected expression before ')' token
configure:5381: $? = 1
configure: failed program was:
| /* confdefs.h.  */
| #define PACKAGE_NAME "protosql"
| #define PACKAGE_TARNAME "protosql"
| #define PACKAGE_VERSION "0.1"
| #define PACKAGE_STRING "protosql 0.1"
| #define PACKAGE_BUGREPORT "support@commandus.com"
| #define PACKAGE "protosql"
| #define VERSION "0.1"
| #define STDC_HEADERS 1
| #define HAVE_SYS_TYPES_H 1
| #define HAVE_SYS_STAT_H 1
| #define HAVE_STDLIB_H 1
| #define HAVE_STRING_H 1
| #define HAVE_MEMORY_H 1
| #define HAVE_STRINGS_H 1
| #define HAVE_INTTYPES_H 1
| #define HAVE_STDINT_H 1
| #define HAVE_UNISTD_H 1
| #define HAVE_STDLIB_H 1
| #define HAVE_LIBPROTOBUF 1
| #define HAVE__BOOL 1
| #define HAVE_STDBOOL_H 1
| /* end confdefs.h.  */
| #include <stdio.h>
| #ifdef HAVE_SYS_TYPES_H
| # include <sys/types.h>
| #endif
| #ifdef HAVE_SYS_STAT_H
| # include <sys/stat.h>
| #endif
| #ifdef STDC_HEADERS
| # include <stdlib.h>
| # include <stddef.h>
| #else
| # ifdef HAVE_STDLIB_H
| #  include <stdlib.h>
| # endif
| #endif
| #ifdef HAVE_STRING_H
| # if !defined STDC_HEADERS && defined HAVE_MEMORY_H
| #  include <memory.h>
| # endif
| # include <string.h>
| #endif
| #ifdef HAVE_STRINGS_H
| # include <strings.h>
| #endif
| #ifdef HAVE_INTTYPES_H
| # include <inttypes.h>
| #endif
| #ifdef HAVE_STDINT_H
| # include <stdint.h>
| #endif
| #ifdef HAVE_UNISTD_H
| # include <unistd.h>
| #endif
| int
| main ()
| {
| if (sizeof ((pid_t)))
| 	  return 0;
|   ;
|   return 0;
| }
configure:5404: result: yes
configure:5416: checking for size_t
configure:5444: /opt/centos/devtoolset-1.1/root/usr/bin/gcc -c -g -O2  conftest.c >&5
configure:5451: $? = 0
configure:5478: /opt/centos/devtoolset-1.1/root/usr/bin/gcc -c -g -O2  conftest.c >&5
conftest.c: In function 'main':
conftest.c:60:21: error: expected expression before ')' token
configure:5485: $? = 1
configure: failed program was:
| /* confdefs.h.  */
| #define PACKAGE_NAME "protosql"
| #define PACKAGE_TARNAME "protosql"
| #define PACKAGE_VERSION "0.1"
| #define PACKAGE_STRING "protosql 0.1"
| #define PACKAGE_BUGREPORT "support@commandus.com"
| #define PACKAGE "protosql"
| #define VERSION "0.1"
| #define STDC_HEADERS 1
| #define HAVE_SYS_TYPES_H 1
| #define HAVE_SYS_STAT_H 1
| #define HAVE_STDLIB_H 1
| #define HAVE_STRING_H 1
| #define HAVE_MEMORY_H 1
| #define HAVE_STRINGS_H 1
| #define HAVE_INTTYPES_H 1
| #define HAVE_STDINT_H 1
| #define HAVE_UNISTD_H 1
| #define HAVE_STDLIB_H 1
| #define HAVE_LIBPROTOBUF 1
| #define HAVE__BOOL 1
| #define HAVE_STDBOOL_H 1
| /* end confdefs.h.  */
| #include <stdio.h>
| #ifdef HAVE_SYS_TYPES_H
| # include <sys/types.h>
| #endif
| #ifdef HAVE_SYS_STAT_H
| # include <sys/stat.h>
| #endif
| #ifdef STDC_HEADERS
| # include <stdlib.h>
| # include <stddef.h>
| #else
| # ifdef HAVE_STDLIB_H
| #  include <stdlib.h>
| # endif
| #endif
| #ifdef HAVE_STRING_H
| # if !defined STDC_HEADERS && defined HAVE_MEMORY_H
| #  include <memory.h>
| # endif
| # include <string.h>
| #endif
| #ifdef HAVE_STRINGS_H
| # include <strings.h>
| #endif
| #ifdef HAVE_INTTYPES_H
| # include <inttypes.h>
| #endif
| #ifdef HAVE_STDINT_H
| # include <stdint.h>
| #endif
| #ifdef HAVE_UNISTD_H
| # include <unistd.h>
| #endif
| int
| main ()
| {
| if (sizeof ((size_t)))
| 	  return 0;
|   ;
|   return 0;
| }
configure:5508: result: yes
configure:5538: checking vfork.h usability
configure:5555: /opt/centos/devtoolset-1.1/root/usr/bin/gcc -c -g -O2  conftest.c >&5
conftest.c:57:19: fatal error: vfork.h: No such file or directory
compilation terminated.
configure:5562: $? = 1
configure: failed program was:
| /* confdefs.h.  */
| #define PACKAGE_NAME "protosql"
| #define PACKAGE_TARNAME "protosql"
| #define PACKAGE_VERSION "0.1"
| #define PACKAGE_STRING "protosql 0.1"
| #define PACKAGE_BUGREPORT "support@commandus.com"
| #define PACKAGE "protosql"
| #define VERSION "0.1"
| #define STDC_HEADERS 1
| #define HAVE_SYS_TYPES_H 1
| #define HAVE_SYS_STAT_H 1
| #define HAVE_STDLIB_H 1
| #define HAVE_STRING_H 1
| #define HAVE_MEMORY_H 1
| #define HAVE_STRINGS_H 1
| #define HAVE_INTTYPES_H 1
| #define HAVE_STDINT_H 1
| #define HAVE_UNISTD_H 1
| #define HAVE_STDLIB_H 1
| #define HAVE_LIBPROTOBUF 1
| #define HAVE__BOOL 1
| #define HAVE_STDBOOL_H 1
| /* end confdefs.h.  */
| #include <stdio.h>
| #ifdef HAVE_SYS_TYPES_H
| # include <sys/types.h>
| #endif
| #ifdef HAVE_SYS_STAT_H
| # include <sys/stat.h>
| #endif
| #ifdef STDC_HEADERS
| # include <stdlib.h>
| # include <stddef.h>
| #else
| # ifdef HAVE_STDLIB_H
| #  include <stdlib.h>
| # endif
| #endif
| #ifdef HAVE_STRING_H
| # if !defined STDC_HEADERS && defined HAVE_MEMORY_H
| #  include <memory.h>
| # endif
| # include <string.h>
| #endif
| #ifdef HAVE_STRINGS_H
| # include <strings.h>
| #endif
| #ifdef HAVE_INTTYPES_H
| # include <inttypes.h>
| #endif
| #ifdef HAVE_STDINT_H
| # include <stdint.h>
| #endif
| #ifdef HAVE_UNISTD_H
| # include <unistd.h>
| #endif
| #include <vfork.h>
configure:5576: result: no
configure:5580: checking vfork.h presence
configure:5595: /opt/centos/devtoolset-1.1/root/usr/bin/cpp  conftest.c
conftest.c:24:19: fatal error: vfork.h: No such file or directory
compilation terminated.
configure:5602: $? = 1
configure: failed program was:
| /* confdefs.h.  */
| #define PACKAGE_NAME "protosql"
| #define PACKAGE_TARNAME "protosql"
| #define PACKAGE_VERSION "0.1"
| #define PACKAGE_STRING "protosql 0.1"
| #define PACKAGE_BUGREPORT "support@commandus.com"
| #define PACKAGE "protosql"
| #define VERSION "0.1"
| #define STDC_HEADERS 1
| #define HAVE_SYS_TYPES_H 1
| #define HAVE_SYS_STAT_H 1
| #define HAVE_STDLIB_H 1
| #define HAVE_STRING_H 1
| #define HAVE_MEMORY_H 1
| #define HAVE_STRINGS_H 1
| #define HAVE_INTTYPES_H 1
| #define HAVE_STDINT_H 1
| #define HAVE_UNISTD_H 1
| #define HAVE_STDLIB_H 1
| #define HAVE_LIBPROTOBUF 1
| #define HAVE__BOOL 1
| #define HAVE_STDBOOL_H 1
| /* end confdefs.h.  */
| #include <vfork.h>
configure:5616: result: no
configure:5649: checking for vfork.h
configure:5658: result: no
configure:5678: checking for fork
configure:5734: /opt/centos/devtoolset-1.1/root/usr/bin/gcc -o conftest -g -O2   conftest.c -lprotobuf  >&5
conftest.c:47:6: warning: conflicting types for built-in function 'fork' [enabled by default]
configure:5741: $? = 0
configure:5763: result: yes
configure:5678: checking for vfork
configure:5734: /opt/centos/devtoolset-1.1/root/usr/bin/gcc -o conftest -g -O2   conftest.c -lprotobuf  >&5
configure:5741: $? = 0
configure:5763: result: yes
configure:5776: checking for working fork
configure:5808: /opt/centos/devtoolset-1.1/root/usr/bin/gcc -o conftest -g -O2   conftest.c -lprotobuf  >&5
configure:5812: $? = 0
configure:5818: ./conftest
configure:5822: $? = 0
configure:5839: result: yes
configure:5860: checking for working vfork
configure:6001: result: yes
configure:6037: checking for stdlib.h
configure:6044: result: yes
configure:6183: checking for GNU libc compatible malloc
configure:6217: /opt/centos/devtoolset-1.1/root/usr/bin/gcc -o conftest -g -O2   conftest.c -lprotobuf  >&5
configure:6221: $? = 0
configure:6227: ./conftest
configure:6231: $? = 0
configure:6248: result: yes
configure:6280: checking for memset
configure:6336: /opt/centos/devtoolset-1.1/root/usr/bin/gcc -o conftest -g -O2   conftest.c -lprotobuf  >&5
conftest.c:53:6: warning: conflicting types for built-in function 'memset' [enabled by default]
configure:6343: $? = 0
configure:6365: result: yes
configure:6509: creating ./config.status

## ---------------------- ##
## Running config.status. ##
## ---------------------- ##

This file was extended by protosql config.status 0.1, which was
generated by GNU Autoconf 2.63.  Invocation command line was

  CONFIG_FILES    = 
  CONFIG_HEADERS  = 
  CONFIG_LINKS    = 
  CONFIG_COMMANDS = 
  $ ./config.status 

on localhost.localdomain

config.status:788: creating Makefile
config.status:788: creating config.h
config.status:1010: config.h is unchanged
config.status:1062: executing depfiles commands

## ---------------- ##
## Cache variables. ##
## ---------------- ##

ac_cv_c_compiler_gnu=yes
ac_cv_cxx_compiler_gnu=yes
ac_cv_env_CCC_set=
ac_cv_env_CCC_value=
ac_cv_env_CC_set=set
ac_cv_env_CC_value=/opt/centos/devtoolset-1.1/root/usr/bin/gcc
ac_cv_env_CFLAGS_set=
ac_cv_env_CFLAGS_value=
ac_cv_env_CPPFLAGS_set=
ac_cv_env_CPPFLAGS_value=
ac_cv_env_CPP_set=set
ac_cv_env_CPP_value=/opt/centos/devtoolset-1.1/root/usr/bin/cpp
ac_cv_env_CXXFLAGS_set=
ac_cv_env_CXXFLAGS_value=
ac_cv_env_CXX_set=set
ac_cv_env_CXX_value=/opt/centos/devtoolset-1.1/root/usr/bin/c++
ac_cv_env_LDFLAGS_set=
ac_cv_env_LDFLAGS_value=
ac_cv_env_LIBS_set=
ac_cv_env_LIBS_value=
ac_cv_env_build_alias_set=
ac_cv_env_build_alias_value=
ac_cv_env_host_alias_set=
ac_cv_env_host_alias_value=
ac_cv_env_target_alias_set=
ac_cv_env_target_alias_value=
ac_cv_func_fork=yes
ac_cv_func_fork_works=yes
ac_cv_func_malloc_0_nonnull=yes
ac_cv_func_memset=yes
ac_cv_func_vfork=yes
ac_cv_func_vfork_works=yes
ac_cv_header_google_protobuf_compiler_plugin_h=no
ac_cv_header_google_protobuf_descriptor_pb_h=no
ac_cv_header_inttypes_h=yes
ac_cv_header_memory_h=yes
ac_cv_header_stdbool_h=yes
ac_cv_header_stdc=yes
ac_cv_header_stdint_h=yes
ac_cv_header_stdlib_h=yes
ac_cv_header_string_h=yes
ac_cv_header_strings_h=yes
ac_cv_header_sys_stat_h=yes
ac_cv_header_sys_types_h=yes
ac_cv_header_unistd_h=yes
ac_cv_header_vfork_h=no
ac_cv_lib_protobuf_main=yes
ac_cv_objext=o
ac_cv_path_EGREP='/bin/grep -E'
ac_cv_path_GREP=/bin/grep
ac_cv_path_install='/usr/bin/install -c'
ac_cv_path_mkdir=/bin/mkdir
ac_cv_prog_AWK=gawk
ac_cv_prog_CPP=/opt/centos/devtoolset-1.1/root/usr/bin/cpp
ac_cv_prog_ac_ct_CC=/opt/centos/devtoolset-1.1/root/usr/bin/gcc
ac_cv_prog_cc_c89=
ac_cv_prog_cc_g=yes
ac_cv_prog_cxx_g=yes
ac_cv_prog_make_make_set=yes
ac_cv_type__Bool=yes
ac_cv_type_pid_t=yes
ac_cv_type_size_t=yes
am_cv_CC_dependencies_compiler_type=gcc3
am_cv_CXX_dependencies_compiler_type=gcc3

## ----------------- ##
## Output variables. ##
## ----------------- ##

ACLOCAL='${SHELL} /home/andrei/vc/protosql/proto-sql/missing --run aclocal-1.11'
AMDEPBACKSLASH='\'
AMDEP_FALSE='#'
AMDEP_TRUE=''
AMTAR='${SHELL} /home/andrei/vc/protosql/proto-sql/missing --run tar'
AUTOCONF='${SHELL} /home/andrei/vc/protosql/proto-sql/missing --run autoconf'
AUTOHEADER='${SHELL} /home/andrei/vc/protosql/proto-sql/missing --run autoheader'
AUTOMAKE='${SHELL} /home/andrei/vc/protosql/proto-sql/missing --run automake-1.11'
AWK='gawk'
CC='/opt/centos/devtoolset-1.1/root/usr/bin/gcc'
CCDEPMODE='depmode=gcc3'
CFLAGS='-g -O2'
CPP='/opt/centos/devtoolset-1.1/root/usr/bin/cpp'
CPPFLAGS=''
CXX='/opt/centos/devtoolset-1.1/root/usr/bin/c++'
CXXDEPMODE='depmode=gcc3'
CXXFLAGS='-g -O2'
CYGPATH_W='echo'
DEFS='-DHAVE_CONFIG_H'
DEPDIR='.deps'
ECHO_C=''
ECHO_N='-n'
ECHO_T=''
EGREP='/bin/grep -E'
EXEEXT=''
GREP='/bin/grep'
INSTALL_DATA='${INSTALL} -m 644'
INSTALL_PROGRAM='${INSTALL}'
INSTALL_SCRIPT='${INSTALL}'
INSTALL_STRIP_PROGRAM='$(install_sh) -c -s'
LDFLAGS=''
LIBOBJS=''
LIBS='-lprotobuf '
LTLIBOBJS=''
MAKEINFO='${SHELL} /home/andrei/vc/protosql/proto-sql/missing --run makeinfo'
MKDIR_P='/bin/mkdir -p'
OBJEXT='o'
PACKAGE='protosql'
PACKAGE_BUGREPORT='support@commandus.com'
PACKAGE_NAME='protosql'
PACKAGE_STRING='protosql 0.1'
PACKAGE_TARNAME='protosql'
PACKAGE_VERSION='0.1'
PATH_SEPARATOR=':'
SET_MAKE=''
SHELL='/bin/sh'
STRIP=''
VERSION='0.1'
ac_ct_CC='/opt/centos/devtoolset-1.1/root/usr/bin/gcc'
ac_ct_CXX=''
am__EXEEXT_FALSE=''
am__EXEEXT_TRUE='#'
am__fastdepCC_FALSE='#'
am__fastdepCC_TRUE=''
am__fastdepCXX_FALSE='#'
am__fastdepCXX_TRUE=''
am__include='include'
am__isrc=''
am__leading_dot='.'
am__quote=''
am__tar='${AMTAR} chof - "$$tardir"'
am__untar='${AMTAR} xf -'
bindir='${exec_prefix}/bin'
build_alias=''
datadir='${datarootdir}'
datarootdir='${prefix}/share'
docdir='${datarootdir}/doc/${PACKAGE_TARNAME}'
dvidir='${docdir}'
exec_prefix='${prefix}'
host_alias=''
htmldir='${docdir}'
includedir='${prefix}/include'
infodir='${datarootdir}/info'
install_sh='${SHELL} /home/andrei/vc/protosql/proto-sql/install-sh'
libdir='${exec_prefix}/lib'
libexecdir='${exec_prefix}/libexec'
localedir='${datarootdir}/locale'
localstatedir='${prefix}/var'
mandir='${datarootdir}/man'
mkdir_p='/bin/mkdir -p'
oldincludedir='/usr/include'
pdfdir='${docdir}'
prefix='/usr/local'
program_transform_name='s,x,x,'
psdir='${docdir}'
sbindir='${exec_prefix}/sbin'
sharedstatedir='${prefix}/com'
sysconfdir='${prefix}/etc'
target_alias=''

## ----------- ##
## confdefs.h. ##
## ----------- ##

#define PACKAGE_NAME "protosql"
#define PACKAGE_TARNAME "protosql"
#define PACKAGE_VERSION "0.1"
#define PACKAGE_STRING "protosql 0.1"
#define PACKAGE_BUGREPORT "support@commandus.com"
#define PACKAGE "protosql"
#define VERSION "0.1"
#define STDC_HEADERS 1
#define HAVE_SYS_TYPES_H 1
#define HAVE_SYS_STAT_H 1
#define HAVE_STDLIB_H 1
#define HAVE_STRING_H 1
#define HAVE_MEMORY_H 1
#define HAVE_STRINGS_H 1
#define HAVE_INTTYPES_H 1
#define HAVE_STDINT_H 1
#define HAVE_UNISTD_H 1
#define HAVE_STDLIB_H 1
#define HAVE_LIBPROTOBUF 1
#define HAVE__BOOL 1
#define HAVE_STDBOOL_H 1
#define HAVE_FORK 1
#define HAVE_VFORK 1
#define HAVE_WORKING_VFORK 1
#define HAVE_WORKING_FORK 1
#define HAVE_STDLIB_H 1
#define HAVE_MALLOC 1
#define HAVE_MEMSET 1

configure: exit 0

## ---------------------- ##
## Running config.status. ##
## ---------------------- ##

This file was extended by protosql config.status 0.1, which was
generated by GNU Autoconf 2.63.  Invocation command line was

  CONFIG_FILES    = 
  CONFIG_HEADERS  = 
  CONFIG_LINKS    = 
  CONFIG_COMMANDS = 
  $ ./config.status Makefile depfiles

on localhost.localdomain

config.status:788: creating Makefile
config.status:1062: executing depfiles commands
